[0125/175200:WARNING:resource_bundle.cc(304)] locale_file_path.empty()
[0125/175200:ERROR:main_delegate.cc(564)] Could not load locale pak for en-US
[0125/175200:ERROR:main_delegate.cc(571)] Could not load cef.pak
[0125/175200:ERROR:main_delegate.cc(588)] Could not load cef_100_percent.pak
[0125/175200:WARNING:resource_bundle.cc(497)] locale resources are not loaded
[0125/175200:WARNING:resource_bundle.cc(304)] locale_file_path.empty()
[0125/175200:ERROR:main_delegate.cc(564)] Could not load locale pak for en-US
[0125/175200:ERROR:main_delegate.cc(571)] Could not load cef.pak
[0125/175200:ERROR:main_delegate.cc(588)] Could not load cef_100_percent.pak
[0125/175204:WARNING:resource_bundle.cc(304)] locale_file_path.empty()
[0125/175204:ERROR:main_delegate.cc(564)] Could not load locale pak for en-US
[0125/175204:ERROR:main_delegate.cc(571)] Could not load cef.pak
[0125/175204:ERROR:main_delegate.cc(588)] Could not load cef_100_percent.pak
[0125/175204:ERROR:renderer_main.cc(207)] Running without renderer sandbox
[0125/175942:WARNING:resource_bundle.cc(304)] locale_file_path.empty()
[0125/175942:ERROR:main_delegate.cc(564)] Could not load locale pak for en-US
[0125/175942:ERROR:main_delegate.cc(571)] Could not load cef.pak
[0125/175942:ERROR:main_delegate.cc(588)] Could not load cef_100_percent.pak
[0125/175942:WARNING:resource_bundle.cc(497)] locale resources are not loaded
[0125/175942:WARNING:resource_bundle.cc(304)] locale_file_path.empty()
[0125/175942:ERROR:main_delegate.cc(564)] Could not load locale pak for en-US
[0125/175942:ERROR:main_delegate.cc(571)] Could not load cef.pak
[0125/175942:ERROR:main_delegate.cc(588)] Could not load cef_100_percent.pak
[0125/175943:WARNING:resource_bundle.cc(304)] locale_file_path.empty()
[0125/175943:ERROR:main_delegate.cc(564)] Could not load locale pak for en-US
[0125/175943:ERROR:main_delegate.cc(571)] Could not load cef.pak
[0125/175943:ERROR:main_delegate.cc(588)] Could not load cef_100_percent.pak
[0125/175943:WARNING:resource_bundle.cc(497)] locale resources are not loaded
[0125/175943:WARNING:resource_bundle.cc(304)] locale_file_path.empty()
[0125/175943:ERROR:main_delegate.cc(564)] Could not load locale pak for en-US
[0125/175943:ERROR:main_delegate.cc(571)] Could not load cef.pak
[0125/175943:ERROR:main_delegate.cc(588)] Could not load cef_100_percent.pak
[0125/175945:WARNING:resource_bundle.cc(304)] locale_file_path.empty()
[0125/175945:ERROR:main_delegate.cc(564)] Could not load locale pak for en-US
[0125/175945:ERROR:main_delegate.cc(571)] Could not load cef.pak
[0125/175945:ERROR:main_delegate.cc(588)] Could not load cef_100_percent.pak
[0125/175945:ERROR:renderer_main.cc(207)] Running without renderer sandbox
[0125/175945:WARNING:resource_bundle.cc(304)] locale_file_path.empty()
[0125/175945:ERROR:main_delegate.cc(564)] Could not load locale pak for en-US
[0125/175945:ERROR:main_delegate.cc(571)] Could not load cef.pak
[0125/175945:ERROR:main_delegate.cc(588)] Could not load cef_100_percent.pak
[0125/175945:ERROR:renderer_main.cc(207)] Running without renderer sandbox
[0125/180307:WARNING:resource_bundle.cc(304)] locale_file_path.empty()
[0125/180307:ERROR:main_delegate.cc(564)] Could not load locale pak for en-US
[0125/180307:ERROR:main_delegate.cc(571)] Could not load cef.pak
[0125/180307:ERROR:main_delegate.cc(588)] Could not load cef_100_percent.pak
[0125/180307:WARNING:resource_bundle.cc(497)] locale resources are not loaded
[0125/180307:WARNING:resource_bundle.cc(304)] locale_file_path.empty()
[0125/180307:ERROR:main_delegate.cc(564)] Could not load locale pak for en-US
[0125/180307:ERROR:main_delegate.cc(571)] Could not load cef.pak
[0125/180307:ERROR:main_delegate.cc(588)] Could not load cef_100_percent.pak
[0125/180308:WARNING:resource_bundle.cc(304)] locale_file_path.empty()
[0125/180308:ERROR:main_delegate.cc(564)] Could not load locale pak for en-US
[0125/180308:ERROR:main_delegate.cc(571)] Could not load cef.pak
[0125/180308:ERROR:main_delegate.cc(588)] Could not load cef_100_percent.pak
[0125/180308:ERROR:renderer_main.cc(207)] Running without renderer sandbox
[0125/180309:WARNING:resource_bundle.cc(304)] locale_file_path.empty()
[0125/180309:ERROR:main_delegate.cc(564)] Could not load locale pak for en-US
[0125/180309:ERROR:main_delegate.cc(571)] Could not load cef.pak
[0125/180309:ERROR:main_delegate.cc(588)] Could not load cef_100_percent.pak
[0125/180309:ERROR:renderer_main.cc(207)] Running without renderer sandbox
[0125/180318:WARNING:resource_bundle.cc(304)] locale_file_path.empty()
[0125/180318:ERROR:main_delegate.cc(564)] Could not load locale pak for en-US
[0125/180318:ERROR:main_delegate.cc(571)] Could not load cef.pak
[0125/180318:ERROR:main_delegate.cc(588)] Could not load cef_100_percent.pak
[0125/180318:WARNING:resource_bundle.cc(497)] locale resources are not loaded
[0125/180318:WARNING:resource_bundle.cc(304)] locale_file_path.empty()
[0125/180318:ERROR:main_delegate.cc(564)] Could not load locale pak for en-US
[0125/180318:ERROR:main_delegate.cc(571)] Could not load cef.pak
[0125/180318:ERROR:main_delegate.cc(588)] Could not load cef_100_percent.pak
[0125/180320:WARNING:resource_bundle.cc(304)] locale_file_path.empty()
[0125/180320:ERROR:main_delegate.cc(564)] Could not load locale pak for en-US
[0125/180320:ERROR:main_delegate.cc(571)] Could not load cef.pak
[0125/180320:ERROR:main_delegate.cc(588)] Could not load cef_100_percent.pak
[0125/180320:ERROR:renderer_main.cc(207)] Running without renderer sandbox
[0125/180533:WARNING:resource_bundle.cc(304)] locale_file_path.empty()
[0125/180533:ERROR:main_delegate.cc(564)] Could not load locale pak for en-US
[0125/180533:ERROR:main_delegate.cc(571)] Could not load cef.pak
[0125/180533:ERROR:main_delegate.cc(588)] Could not load cef_100_percent.pak
[0125/180533:WARNING:resource_bundle.cc(497)] locale resources are not loaded
[0125/180534:WARNING:resource_bundle.cc(304)] locale_file_path.empty()
[0125/180534:ERROR:main_delegate.cc(564)] Could not load locale pak for en-US
[0125/180534:ERROR:main_delegate.cc(571)] Could not load cef.pak
[0125/180534:ERROR:main_delegate.cc(588)] Could not load cef_100_percent.pak
[0125/180536:WARNING:resource_bundle.cc(304)] locale_file_path.empty()
[0125/180536:ERROR:main_delegate.cc(564)] Could not load locale pak for en-US
[0125/180536:ERROR:main_delegate.cc(571)] Could not load cef.pak
[0125/180536:ERROR:main_delegate.cc(588)] Could not load cef_100_percent.pak
[0125/180536:ERROR:renderer_main.cc(207)] Running without renderer sandbox
[0125/180834:WARNING:resource_bundle.cc(304)] locale_file_path.empty()
[0125/180834:ERROR:main_delegate.cc(564)] Could not load locale pak for en-US
[0125/180834:ERROR:main_delegate.cc(571)] Could not load cef.pak
[0125/180834:ERROR:main_delegate.cc(588)] Could not load cef_100_percent.pak
[0125/180834:WARNING:resource_bundle.cc(497)] locale resources are not loaded
[0125/180834:WARNING:resource_bundle.cc(304)] locale_file_path.empty()
[0125/180834:ERROR:main_delegate.cc(564)] Could not load locale pak for en-US
[0125/180834:ERROR:main_delegate.cc(571)] Could not load cef.pak
[0125/180834:ERROR:main_delegate.cc(588)] Could not load cef_100_percent.pak
[0125/180836:WARNING:resource_bundle.cc(304)] locale_file_path.empty()
[0125/180836:ERROR:main_delegate.cc(564)] Could not load locale pak for en-US
[0125/180836:ERROR:main_delegate.cc(571)] Could not load cef.pak
[0125/180836:ERROR:main_delegate.cc(588)] Could not load cef_100_percent.pak
[0125/180836:ERROR:renderer_main.cc(207)] Running without renderer sandbox
[0125/181213:WARNING:resource_bundle.cc(304)] locale_file_path.empty()
[0125/181213:ERROR:main_delegate.cc(564)] Could not load locale pak for en-US
[0125/181213:ERROR:main_delegate.cc(571)] Could not load cef.pak
[0125/181213:ERROR:main_delegate.cc(588)] Could not load cef_100_percent.pak
[0125/181213:WARNING:resource_bundle.cc(497)] locale resources are not loaded
[0125/181213:WARNING:resource_bundle.cc(304)] locale_file_path.empty()
[0125/181213:ERROR:main_delegate.cc(564)] Could not load locale pak for en-US
[0125/181213:ERROR:main_delegate.cc(571)] Could not load cef.pak
[0125/181213:ERROR:main_delegate.cc(588)] Could not load cef_100_percent.pak
[0125/181215:WARNING:resource_bundle.cc(304)] locale_file_path.empty()
[0125/181215:ERROR:main_delegate.cc(564)] Could not load locale pak for en-US
[0125/181215:ERROR:main_delegate.cc(571)] Could not load cef.pak
[0125/181215:ERROR:main_delegate.cc(588)] Could not load cef_100_percent.pak
[0125/181215:ERROR:renderer_main.cc(207)] Running without renderer sandbox
[0125/181400:WARNING:resource_bundle.cc(304)] locale_file_path.empty()
[0125/181400:ERROR:main_delegate.cc(564)] Could not load locale pak for en-US
[0125/181400:ERROR:main_delegate.cc(571)] Could not load cef.pak
[0125/181400:ERROR:main_delegate.cc(588)] Could not load cef_100_percent.pak
[0125/181400:ERROR:renderer_main.cc(207)] Running without renderer sandbox
[0125/181603:WARNING:resource_bundle.cc(304)] locale_file_path.empty()
[0125/181603:ERROR:main_delegate.cc(564)] Could not load locale pak for en-US
[0125/181603:ERROR:main_delegate.cc(571)] Could not load cef.pak
[0125/181603:ERROR:main_delegate.cc(588)] Could not load cef_100_percent.pak
[0125/181603:ERROR:renderer_main.cc(207)] Running without renderer sandbox
[0203/103435:WARNING:resource_bundle.cc(304)] locale_file_path.empty()
[0203/103435:WARNING:resource_bundle.cc(304)] locale_file_path.empty()
[0203/103435:ERROR:main_delegate.cc(564)] Could not load locale pak for en-US
[0203/103435:ERROR:main_delegate.cc(571)] Could not load cef.pak
[0203/103435:ERROR:main_delegate.cc(571)] Could not load cef.pak
[0203/103435:ERROR:main_delegate.cc(588)] Could not load cef_100_percent.pak
[0203/103435:ERROR:main_delegate.cc(588)] Could not load cef_100_percent.pak
[0203/103435:WARNING:resource_bundle.cc(497)] locale resources are not loaded
[0203/103435:WARNING:resource_bundle.cc(497)] locale resources are not loaded
[0203/103435:WARNING:resource_bundle.cc(304)] locale_file_path.empty()
[0203/103435:ERROR:main_delegate.cc(564)] Could not load locale pak for en-US
[0203/103435:ERROR:main_delegate.cc(571)] Could not load cef.pak
[0203/103435:ERROR:main_delegate.cc(588)] Could not load cef_100_percent.pak
[0203/103435:WARNING:resource_bundle.cc(304)] locale_file_path.empty()
[0203/103435:ERROR:main_delegate.cc(564)] Could not load locale pak for en-US
[0203/103435:ERROR:main_delegate.cc(571)] Could not load cef.pak
[0203/103435:ERROR:main_delegate.cc(588)] Could not load cef_100_percent.pak
[0203/103435:WARNING:resource_bundle.cc(304)] locale_file_path.empty()
[0203/103435:ERROR:main_delegate.cc(564)] Could not load locale pak for en-US
[0203/103435:ERROR:main_delegate.cc(571)] Could not load cef.pak
[0203/103435:ERROR:main_delegate.cc(588)] Could not load cef_100_percent.pak
[0203/103441:WARNING:resource_bundle.cc(304)] locale_file_path.empty()
[0203/103441:ERROR:main_delegate.cc(564)] Could not load locale pak for en-US
[0203/103441:ERROR:main_delegate.cc(571)] Could not load cef.pak
[0203/103441:ERROR:main_delegate.cc(588)] Could not load cef_100_percent.pak
[0203/103441:ERROR:renderer_main.cc(207)] Running without renderer sandbox
[0203/103441:WARNING:resource_bundle.cc(304)] locale_file_path.empty()
[0203/103441:ERROR:main_delegate.cc(564)] Could not load locale pak for en-US
[0203/103441:ERROR:main_delegate.cc(571)] Could not load cef.pak
[0203/103441:ERROR:main_delegate.cc(588)] Could not load cef_100_percent.pak
[0203/103441:ERROR:renderer_main.cc(207)] Running without renderer sandbox
[0203/103441:WARNING:resource_bundle.cc(304)] locale_file_path.empty()
[0203/103441:ERROR:main_delegate.cc(564)] Could not load locale pak for en-US
[0203/103441:ERROR:main_delegate.cc(571)] Could not load cef.pak
[0203/103441:ERROR:main_delegate.cc(588)] Could not load cef_100_percent.pak
[0203/103441:ERROR:renderer_main.cc(207)] Running without renderer sandbox
[0203/103442:WARNING:resource_bundle.cc(304)] locale_file_path.empty()
[0203/103442:ERROR:main_delegate.cc(564)] Could not load locale pak for en-US
[0203/103442:ERROR:main_delegate.cc(571)] Could not load cef.pak
[0203/103442:ERROR:main_delegate.cc(588)] Could not load cef_100_percent.pak
[0203/103442:WARNING:resource_bundle.cc(497)] locale resources are not loaded
[0203/103442:WARNING:resource_bundle.cc(304)] locale_file_path.empty()
[0203/103442:ERROR:main_delegate.cc(564)] Could not load locale pak for en-US
[0203/103442:ERROR:main_delegate.cc(571)] Could not load cef.pak
[0203/103442:ERROR:main_delegate.cc(588)] Could not load cef_100_percent.pak
[0203/103444:WARNING:resource_bundle.cc(304)] locale_file_path.empty()
[0203/103444:ERROR:main_delegate.cc(564)] Could not load locale pak for en-US
[0203/103444:ERROR:main_delegate.cc(571)] Could not load cef.pak
[0203/103444:ERROR:main_delegate.cc(588)] Could not load cef_100_percent.pak
[0203/103444:ERROR:renderer_main.cc(207)] Running without renderer sandbox
[0204/174257:WARNING:message_in_transit_queue.cc(18)] Destroying nonempty message queue
[0204/174259:WARNING:message_in_transit_queue.cc(18)] Destroying nonempty message queue
[0204/174300:WARNING:message_in_transit_queue.cc(18)] Destroying nonempty message queue
[0206/144130:WARNING:resource_bundle.cc(304)] locale_file_path.empty()
[0206/144130:ERROR:main_delegate.cc(564)] Could not load locale pak for en-US
[0206/144130:ERROR:main_delegate.cc(571)] Could not load cef.pak
[0206/144130:ERROR:main_delegate.cc(588)] Could not load cef_100_percent.pak
[0206/144130:WARNING:resource_bundle.cc(304)] locale_file_path.empty()
[0206/144130:WARNING:resource_bundle.cc(304)] locale_file_path.empty()
[0206/144130:ERROR:main_delegate.cc(564)] Could not load locale pak for en-US
[0206/144130:ERROR:main_delegate.cc(564)] Could not load locale pak for en-US
[0206/144130:ERROR:main_delegate.cc(571)] Could not load cef.pak
[0206/144130:ERROR:main_delegate.cc(571)] Could not load cef.pak
[0206/144130:ERROR:main_delegate.cc(588)] Could not load cef_100_percent.pak
[0206/144130:ERROR:main_delegate.cc(588)] Could not load cef_100_percent.pak
[0206/144130:WARNING:resource_bundle.cc(497)] locale resources are not loaded
[0206/144130:WARNING:resource_bundle.cc(497)] locale resources are not loaded
[0206/144130:WARNING:resource_bundle.cc(497)] locale resources are not loaded
[0206/144130:WARNING:resource_bundle.cc(304)] locale_file_path.empty()
[0206/144130:ERROR:main_delegate.cc(564)] Could not load locale pak for en-US
[0206/144130:ERROR:main_delegate.cc(571)] Could not load cef.pak
[0206/144130:ERROR:main_delegate.cc(588)] Could not load cef_100_percent.pak
[0206/144130:WARNING:resource_bundle.cc(304)] locale_file_path.empty()
[0206/144130:ERROR:main_delegate.cc(564)] Could not load locale pak for en-US
[0206/144130:ERROR:main_delegate.cc(571)] Could not load cef.pak
[0206/144130:ERROR:main_delegate.cc(588)] Could not load cef_100_percent.pak
[0206/144130:WARNING:resource_bundle.cc(304)] locale_file_path.empty()
[0206/144130:ERROR:main_delegate.cc(564)] Could not load locale pak for en-US
[0206/144130:ERROR:main_delegate.cc(571)] Could not load cef.pak
[0206/144130:ERROR:main_delegate.cc(588)] Could not load cef_100_percent.pak
[0206/144133:WARNING:resource_bundle.cc(304)] locale_file_path.empty()
[0206/144133:ERROR:main_delegate.cc(564)] Could not load locale pak for en-US
[0206/144133:ERROR:main_delegate.cc(571)] Could not load cef.pak
[0206/144133:ERROR:main_delegate.cc(588)] Could not load cef_100_percent.pak
[0206/144133:ERROR:renderer_main.cc(207)] Running without renderer sandbox
[0206/144133:WARNING:resource_bundle.cc(304)] locale_file_path.empty()
[0206/144133:ERROR:main_delegate.cc(564)] Could not load locale pak for en-US
[0206/144133:ERROR:main_delegate.cc(571)] Could not load cef.pak
[0206/144133:ERROR:main_delegate.cc(588)] Could not load cef_100_percent.pak
[0206/144133:ERROR:renderer_main.cc(207)] Running without renderer sandbox
[0206/144133:WARNING:resource_bundle.cc(304)] locale_file_path.empty()
[0206/144133:ERROR:main_delegate.cc(564)] Could not load locale pak for en-US
[0206/144133:ERROR:main_delegate.cc(571)] Could not load cef.pak
[0206/144133:ERROR:main_delegate.cc(588)] Could not load cef_100_percent.pak
[0206/144133:ERROR:renderer_main.cc(207)] Running without renderer sandbox
[0206/144137:WARNING:resource_bundle.cc(304)] locale_file_path.empty()
[0206/144137:ERROR:main_delegate.cc(564)] Could not load locale pak for en-US
[0206/144137:ERROR:main_delegate.cc(571)] Could not load cef.pak
[0206/144137:ERROR:main_delegate.cc(588)] Could not load cef_100_percent.pak
[0206/144137:WARNING:resource_bundle.cc(497)] locale resources are not loaded
[0206/144137:WARNING:resource_bundle.cc(304)] locale_file_path.empty()
[0206/144137:ERROR:main_delegate.cc(564)] Could not load locale pak for en-US
[0206/144137:ERROR:main_delegate.cc(571)] Could not load cef.pak
[0206/144137:ERROR:main_delegate.cc(588)] Could not load cef_100_percent.pak
[0206/144140:WARNING:resource_bundle.cc(304)] locale_file_path.empty()
[0206/144140:ERROR:main_delegate.cc(564)] Could not load locale pak for en-US
[0206/144140:ERROR:main_delegate.cc(571)] Could not load cef.pak
[0206/144140:ERROR:main_delegate.cc(588)] Could not load cef_100_percent.pak
[0206/144140:ERROR:renderer_main.cc(207)] Running without renderer sandbox
[0206/170705:WARNING:resource_bundle.cc(304)] locale_file_path.empty()
[0206/170705:ERROR:main_delegate.cc(564)] Could not load locale pak for en-US
[0206/170705:ERROR:main_delegate.cc(571)] Could not load cef.pak
[0206/170705:ERROR:main_delegate.cc(588)] Could not load cef_100_percent.pak
[0206/170705:ERROR:renderer_main.cc(207)] Running without renderer sandbox
[0206/170719:WARNING:resource_bundle.cc(304)] locale_file_path.empty()
[0206/170719:ERROR:main_delegate.cc(564)] Could not load locale pak for en-US
[0206/170719:ERROR:main_delegate.cc(571)] Could not load cef.pak
[0206/170719:ERROR:main_delegate.cc(588)] Could not load cef_100_percent.pak
[0206/170719:WARNING:resource_bundle.cc(304)] locale_file_path.empty()
[0206/170719:ERROR:main_delegate.cc(564)] Could not load locale pak for en-US
[0206/170719:ERROR:main_delegate.cc(571)] Could not load cef.pak
[0206/170719:ERROR:main_delegate.cc(588)] Could not load cef_100_percent.pak
[0206/170719:WARNING:resource_bundle.cc(497)] locale resources are not loaded
[0206/170719:WARNING:resource_bundle.cc(304)] locale_file_path.empty()
[0206/170719:ERROR:main_delegate.cc(564)] Could not load locale pak for en-US
[0206/170719:ERROR:main_delegate.cc(571)] Could not load cef.pak
[0206/170719:ERROR:main_delegate.cc(588)] Could not load cef_100_percent.pak
[0206/170719:WARNING:resource_bundle.cc(304)] locale_file_path.empty()
[0206/170719:ERROR:main_delegate.cc(564)] Could not load locale pak for en-US
[0206/170719:ERROR:main_delegate.cc(571)] Could not load cef.pak
[0206/170719:ERROR:main_delegate.cc(588)] Could not load cef_100_percent.pak
[0206/170723:WARNING:resource_bundle.cc(304)] locale_file_path.empty()
[0206/170723:ERROR:main_delegate.cc(564)] Could not load locale pak for en-US
[0206/170723:ERROR:main_delegate.cc(571)] Could not load cef.pak
[0206/170723:ERROR:main_delegate.cc(588)] Could not load cef_100_percent.pak
[0206/170723:WARNING:resource_bundle.cc(304)] locale_file_path.empty()
[0206/170723:ERROR:main_delegate.cc(564)] Could not load locale pak for en-US
[0206/170723:ERROR:main_delegate.cc(571)] Could not load cef.pak
[0206/170723:ERROR:main_delegate.cc(588)] Could not load cef_100_percent.pak
[0206/170727:ERROR:renderer_main.cc(207)] Running without renderer sandbox
[0206/170727:ERROR:renderer_main.cc(207)] Running without renderer sandbox
[0206/170742:WARNING:resource_bundle.cc(304)] locale_file_path.empty()
[0206/170742:ERROR:main_delegate.cc(564)] Could not load locale pak for en-US
[0206/170742:ERROR:main_delegate.cc(571)] Could not load cef.pak
[0206/170742:ERROR:main_delegate.cc(588)] Could not load cef_100_percent.pak
[0206/170742:WARNING:resource_bundle.cc(497)] locale resources are not loaded
[0206/170742:WARNING:resource_bundle.cc(304)] locale_file_path.empty()
[0206/170742:ERROR:main_delegate.cc(564)] Could not load locale pak for en-US
[0206/170742:ERROR:main_delegate.cc(571)] Could not load cef.pak
[0206/170742:ERROR:main_delegate.cc(588)] Could not load cef_100_percent.pak
[0206/170745:WARNING:resource_bundle.cc(304)] locale_file_path.empty()
[0206/170745:ERROR:main_delegate.cc(564)] Could not load locale pak for en-US
[0206/170745:ERROR:main_delegate.cc(571)] Could not load cef.pak
[0206/170745:ERROR:main_delegate.cc(588)] Could not load cef_100_percent.pak
[0206/170745:ERROR:renderer_main.cc(207)] Running without renderer sandbox
[0206/172240:WARNING:resource_bundle.cc(304)] locale_file_path.empty()
[0206/172240:ERROR:main_delegate.cc(564)] Could not load locale pak for en-US
[0206/172240:ERROR:main_delegate.cc(571)] Could not load cef.pak
[0206/172240:ERROR:main_delegate.cc(588)] Could not load cef_100_percent.pak
[0206/172240:WARNING:resource_bundle.cc(497)] locale resources are not loaded
[0206/172240:WARNING:resource_bundle.cc(304)] locale_file_path.empty()
[0206/172240:ERROR:main_delegate.cc(564)] Could not load locale pak for en-US
[0206/172240:ERROR:main_delegate.cc(571)] Could not load cef.pak
[0206/172240:ERROR:main_delegate.cc(588)] Could not load cef_100_percent.pak
[0206/172242:WARNING:resource_bundle.cc(304)] locale_file_path.empty()
[0206/172242:ERROR:main_delegate.cc(564)] Could not load locale pak for en-US
[0206/172242:ERROR:main_delegate.cc(571)] Could not load cef.pak
[0206/172242:ERROR:main_delegate.cc(588)] Could not load cef_100_percent.pak
[0206/172242:ERROR:renderer_main.cc(207)] Running without renderer sandbox
[0206/174126:WARNING:resource_bundle.cc(304)] locale_file_path.empty()
[0206/174126:ERROR:main_delegate.cc(564)] Could not load locale pak for en-US
[0206/174126:ERROR:main_delegate.cc(571)] Could not load cef.pak
[0206/174126:ERROR:main_delegate.cc(588)] Could not load cef_100_percent.pak
[0206/174126:ERROR:renderer_main.cc(207)] Running without renderer sandbox
[0206/174134:WARNING:resource_bundle.cc(304)] locale_file_path.empty()
[0206/174134:ERROR:main_delegate.cc(564)] Could not load locale pak for en-US
[0206/174134:ERROR:main_delegate.cc(571)] Could not load cef.pak
[0206/174134:ERROR:main_delegate.cc(588)] Could not load cef_100_percent.pak
[0206/174134:ERROR:renderer_main.cc(207)] Running without renderer sandbox
[0206/174236:WARNING:resource_bundle.cc(304)] locale_file_path.empty()
[0206/174236:ERROR:main_delegate.cc(564)] Could not load locale pak for en-US
[0206/174236:ERROR:main_delegate.cc(571)] Could not load cef.pak
[0206/174236:ERROR:main_delegate.cc(588)] Could not load cef_100_percent.pak
[0206/174236:WARNING:resource_bundle.cc(497)] locale resources are not loaded
[0206/174236:WARNING:resource_bundle.cc(304)] locale_file_path.empty()
[0206/174236:ERROR:main_delegate.cc(564)] Could not load locale pak for en-US
[0206/174236:ERROR:main_delegate.cc(571)] Could not load cef.pak
[0206/174236:ERROR:main_delegate.cc(588)] Could not load cef_100_percent.pak
[0206/174238:WARNING:resource_bundle.cc(304)] locale_file_path.empty()
[0206/174238:ERROR:main_delegate.cc(564)] Could not load locale pak for en-US
[0206/174238:ERROR:main_delegate.cc(571)] Could not load cef.pak
[0206/174238:ERROR:main_delegate.cc(588)] Could not load cef_100_percent.pak
[0206/174238:ERROR:renderer_main.cc(207)] Running without renderer sandbox
[0206/174607:WARNING:resource_bundle.cc(304)] locale_file_path.empty()
[0206/174607:ERROR:main_delegate.cc(564)] Could not load locale pak for en-US
[0206/174607:ERROR:main_delegate.cc(571)] Could not load cef.pak
[0206/174607:ERROR:main_delegate.cc(588)] Could not load cef_100_percent.pak
[0206/174607:ERROR:renderer_main.cc(207)] Running without renderer sandbox
[0206/174808:ERROR:content_client.cc(148)] No data resource available for id 4700
[0206/174916:WARNING:resource_bundle.cc(304)] locale_file_path.empty()
[0206/174916:ERROR:main_delegate.cc(564)] Could not load locale pak for en-US
[0206/174916:ERROR:main_delegate.cc(571)] Could not load cef.pak
[0206/174916:ERROR:main_delegate.cc(588)] Could not load cef_100_percent.pak
[0206/174916:WARNING:resource_bundle.cc(497)] locale resources are not loaded
[0206/174916:WARNING:resource_bundle.cc(304)] locale_file_path.empty()
[0206/174916:ERROR:main_delegate.cc(564)] Could not load locale pak for en-US
[0206/174916:ERROR:main_delegate.cc(571)] Could not load cef.pak
[0206/174916:ERROR:main_delegate.cc(588)] Could not load cef_100_percent.pak
[0206/174917:WARNING:resource_bundle.cc(304)] locale_file_path.empty()
[0206/174917:ERROR:main_delegate.cc(564)] Could not load locale pak for en-US
[0206/174917:ERROR:main_delegate.cc(571)] Could not load cef.pak
[0206/174917:ERROR:main_delegate.cc(588)] Could not load cef_100_percent.pak
[0206/174917:WARNING:resource_bundle.cc(497)] locale resources are not loaded
[0206/174917:WARNING:resource_bundle.cc(304)] locale_file_path.empty()
[0206/174917:ERROR:main_delegate.cc(564)] Could not load locale pak for en-US
[0206/174917:ERROR:main_delegate.cc(571)] Could not load cef.pak
[0206/174917:ERROR:main_delegate.cc(588)] Could not load cef_100_percent.pak
[0206/175022:WARNING:resource_bundle.cc(304)] locale_file_path.empty()
[0206/175022:ERROR:main_delegate.cc(564)] Could not load locale pak for en-US
[0206/175022:ERROR:main_delegate.cc(571)] Could not load cef.pak
[0206/175022:ERROR:main_delegate.cc(588)] Could not load cef_100_percent.pak
[0206/175023:ERROR:renderer_main.cc(207)] Running without renderer sandbox
[0206/175023:WARNING:resource_bundle.cc(304)] locale_file_path.empty()
[0206/175023:ERROR:main_delegate.cc(564)] Could not load locale pak for en-US
[0206/175023:ERROR:main_delegate.cc(571)] Could not load cef.pak
[0206/175023:ERROR:main_delegate.cc(588)] Could not load cef_100_percent.pak
[0206/175023:ERROR:renderer_main.cc(207)] Running without renderer sandbox
[0206/175403:WARNING:resource_bundle.cc(304)] locale_file_path.empty()
[0206/175403:ERROR:main_delegate.cc(564)] Could not load locale pak for en-US
[0206/175403:ERROR:main_delegate.cc(571)] Could not load cef.pak
[0206/175403:ERROR:main_delegate.cc(588)] Could not load cef_100_percent.pak
[0206/175403:WARNING:resource_bundle.cc(497)] locale resources are not loaded
[0206/175403:WARNING:resource_bundle.cc(304)] locale_file_path.empty()
[0206/175403:ERROR:main_delegate.cc(564)] Could not load locale pak for en-US
[0206/175403:ERROR:main_delegate.cc(571)] Could not load cef.pak
[0206/175403:ERROR:main_delegate.cc(588)] Could not load cef_100_percent.pak
[0206/175406:WARNING:resource_bundle.cc(304)] locale_file_path.empty()
[0206/175406:ERROR:main_delegate.cc(564)] Could not load locale pak for en-US
[0206/175406:ERROR:main_delegate.cc(571)] Could not load cef.pak
[0206/175406:ERROR:main_delegate.cc(588)] Could not load cef_100_percent.pak
[0206/175406:ERROR:renderer_main.cc(207)] Running without renderer sandbox
[0206/175409:WARNING:resource_bundle.cc(304)] locale_file_path.empty()
[0206/175409:ERROR:main_delegate.cc(564)] Could not load locale pak for en-US
[0206/175409:ERROR:main_delegate.cc(571)] Could not load cef.pak
[0206/175409:ERROR:main_delegate.cc(588)] Could not load cef_100_percent.pak
[0206/175409:WARNING:resource_bundle.cc(497)] locale resources are not loaded
[0206/175409:WARNING:resource_bundle.cc(304)] locale_file_path.empty()
[0206/175409:ERROR:main_delegate.cc(564)] Could not load locale pak for en-US
[0206/175409:ERROR:main_delegate.cc(571)] Could not load cef.pak
[0206/175409:ERROR:main_delegate.cc(588)] Could not load cef_100_percent.pak
[0206/175409:WARNING:resource_bundle.cc(497)] locale resources are not loaded
[0206/175410:WARNING:resource_bundle.cc(304)] locale_file_path.empty()
[0206/175410:ERROR:main_delegate.cc(564)] Could not load locale pak for en-US
[0206/175410:ERROR:main_delegate.cc(571)] Could not load cef.pak
[0206/175410:ERROR:main_delegate.cc(588)] Could not load cef_100_percent.pak
[0206/175410:WARNING:resource_bundle.cc(304)] locale_file_path.empty()
[0206/175410:ERROR:main_delegate.cc(564)] Could not load locale pak for en-US
[0206/175410:ERROR:main_delegate.cc(571)] Could not load cef.pak
[0206/175410:ERROR:main_delegate.cc(588)] Could not load cef_100_percent.pak
[0206/175410:WARNING:resource_bundle.cc(304)] locale_file_path.empty()
[0206/175410:ERROR:main_delegate.cc(564)] Could not load locale pak for en-US
[0206/175410:ERROR:main_delegate.cc(571)] Could not load cef.pak
[0206/175410:ERROR:main_delegate.cc(588)] Could not load cef_100_percent.pak
[0206/175410:WARNING:resource_bundle.cc(497)] locale resources are not loaded
[0206/175410:WARNING:resource_bundle.cc(304)] locale_file_path.empty()
[0206/175410:ERROR:main_delegate.cc(564)] Could not load locale pak for en-US
[0206/175410:ERROR:main_delegate.cc(571)] Could not load cef.pak
[0206/175410:ERROR:main_delegate.cc(588)] Could not load cef_100_percent.pak
[0206/175413:WARNING:resource_bundle.cc(304)] locale_file_path.empty()
[0206/175413:ERROR:main_delegate.cc(564)] Could not load locale pak for en-US
[0206/175413:ERROR:main_delegate.cc(571)] Could not load cef.pak
[0206/175413:ERROR:main_delegate.cc(588)] Could not load cef_100_percent.pak
[0206/175413:WARNING:resource_bundle.cc(304)] locale_file_path.empty()
[0206/175413:ERROR:main_delegate.cc(564)] Could not load locale pak for en-US
[0206/175413:ERROR:main_delegate.cc(571)] Could not load cef.pak
[0206/175413:ERROR:main_delegate.cc(588)] Could not load cef_100_percent.pak
[0206/175413:ERROR:renderer_main.cc(207)] Running without renderer sandbox
[0206/175413:ERROR:renderer_main.cc(207)] Running without renderer sandbox
[0206/175414:WARNING:resource_bundle.cc(304)] locale_file_path.empty()
[0206/175414:ERROR:main_delegate.cc(564)] Could not load locale pak for en-US
[0206/175414:ERROR:main_delegate.cc(571)] Could not load cef.pak
[0206/175414:ERROR:main_delegate.cc(588)] Could not load cef_100_percent.pak
[0206/175414:ERROR:renderer_main.cc(207)] Running without renderer sandbox
[0206/175457:WARNING:resource_bundle.cc(304)] locale_file_path.empty()
[0206/175457:ERROR:main_delegate.cc(564)] Could not load locale pak for en-US
[0206/175457:ERROR:main_delegate.cc(571)] Could not load cef.pak
[0206/175457:ERROR:main_delegate.cc(588)] Could not load cef_100_percent.pak
[0206/175457:WARNING:resource_bundle.cc(497)] locale resources are not loaded
[0206/175458:WARNING:resource_bundle.cc(304)] locale_file_path.empty()
[0206/175458:ERROR:main_delegate.cc(564)] Could not load locale pak for en-US
[0206/175458:ERROR:main_delegate.cc(571)] Could not load cef.pak
[0206/175458:ERROR:main_delegate.cc(588)] Could not load cef_100_percent.pak
[0206/175500:WARNING:resource_bundle.cc(304)] locale_file_path.empty()
[0206/175500:ERROR:main_delegate.cc(564)] Could not load locale pak for en-US
[0206/175500:ERROR:main_delegate.cc(571)] Could not load cef.pak
[0206/175500:ERROR:main_delegate.cc(588)] Could not load cef_100_percent.pak
[0206/175500:ERROR:renderer_main.cc(207)] Running without renderer sandbox
[0206/175503:WARNING:resource_bundle.cc(304)] locale_file_path.empty()
[0206/175503:ERROR:main_delegate.cc(564)] Could not load locale pak for en-US
[0206/175503:ERROR:main_delegate.cc(571)] Could not load cef.pak
[0206/175503:ERROR:main_delegate.cc(588)] Could not load cef_100_percent.pak
[0206/175503:WARNING:resource_bundle.cc(497)] locale resources are not loaded
[0206/175503:WARNING:resource_bundle.cc(304)] locale_file_path.empty()
[0206/175503:ERROR:main_delegate.cc(564)] Could not load locale pak for en-US
[0206/175503:ERROR:main_delegate.cc(571)] Could not load cef.pak
[0206/175503:ERROR:main_delegate.cc(588)] Could not load cef_100_percent.pak
[0206/175506:WARNING:resource_bundle.cc(304)] locale_file_path.empty()
[0206/175506:ERROR:main_delegate.cc(564)] Could not load locale pak for en-US
[0206/175506:ERROR:main_delegate.cc(571)] Could not load cef.pak
[0206/175506:ERROR:main_delegate.cc(588)] Could not load cef_100_percent.pak
[0206/175506:ERROR:renderer_main.cc(207)] Running without renderer sandbox
[0207/090929:WARNING:resource_bundle.cc(304)] locale_file_path.empty()
[0207/090929:ERROR:main_delegate.cc(564)] Could not load locale pak for en-US
[0207/090929:ERROR:main_delegate.cc(571)] Could not load cef.pak
[0207/090929:ERROR:main_delegate.cc(588)] Could not load cef_100_percent.pak
[0207/090929:WARNING:resource_bundle.cc(497)] locale resources are not loaded
[0207/090929:WARNING:resource_bundle.cc(304)] locale_file_path.empty()
[0207/090929:ERROR:main_delegate.cc(564)] Could not load locale pak for en-US
[0207/090929:ERROR:main_delegate.cc(571)] Could not load cef.pak
[0207/090929:ERROR:main_delegate.cc(588)] Could not load cef_100_percent.pak
[0207/090932:WARNING:resource_bundle.cc(304)] locale_file_path.empty()
[0207/090932:ERROR:main_delegate.cc(564)] Could not load locale pak for en-US
[0207/090932:ERROR:main_delegate.cc(571)] Could not load cef.pak
[0207/090932:ERROR:main_delegate.cc(588)] Could not load cef_100_percent.pak
[0207/090932:ERROR:renderer_main.cc(207)] Running without renderer sandbox
[0207/091020:WARNING:resource_bundle.cc(304)] locale_file_path.empty()
[0207/091020:ERROR:main_delegate.cc(564)] Could not load locale pak for en-US
[0207/091020:ERROR:main_delegate.cc(571)] Could not load cef.pak
[0207/091020:ERROR:main_delegate.cc(588)] Could not load cef_100_percent.pak
[0207/091021:WARNING:resource_bundle.cc(497)] locale resources are not loaded
[0207/091021:WARNING:resource_bundle.cc(304)] locale_file_path.empty()
[0207/091021:ERROR:main_delegate.cc(564)] Could not load locale pak for en-US
[0207/091021:ERROR:main_delegate.cc(571)] Could not load cef.pak
[0207/091021:ERROR:main_delegate.cc(588)] Could not load cef_100_percent.pak
[0207/091023:WARNING:resource_bundle.cc(304)] locale_file_path.empty()
[0207/091023:ERROR:main_delegate.cc(564)] Could not load locale pak for en-US
[0207/091023:ERROR:main_delegate.cc(571)] Could not load cef.pak
[0207/091023:ERROR:main_delegate.cc(588)] Could not load cef_100_percent.pak
[0207/091023:ERROR:renderer_main.cc(207)] Running without renderer sandbox
[0207/091736:WARNING:resource_bundle.cc(304)] locale_file_path.empty()
[0207/091736:ERROR:main_delegate.cc(564)] Could not load locale pak for en-US
[0207/091736:ERROR:main_delegate.cc(571)] Could not load cef.pak
[0207/091736:ERROR:main_delegate.cc(588)] Could not load cef_100_percent.pak
[0207/091736:WARNING:resource_bundle.cc(497)] locale resources are not loaded
[0207/091736:WARNING:resource_bundle.cc(304)] locale_file_path.empty()
[0207/091736:ERROR:main_delegate.cc(564)] Could not load locale pak for en-US
[0207/091736:ERROR:main_delegate.cc(571)] Could not load cef.pak
[0207/091736:ERROR:main_delegate.cc(588)] Could not load cef_100_percent.pak
[0207/091739:WARNING:resource_bundle.cc(304)] locale_file_path.empty()
[0207/091739:ERROR:main_delegate.cc(564)] Could not load locale pak for en-US
[0207/091739:ERROR:main_delegate.cc(571)] Could not load cef.pak
[0207/091739:ERROR:main_delegate.cc(588)] Could not load cef_100_percent.pak
[0207/091739:ERROR:renderer_main.cc(207)] Running without renderer sandbox
[0207/092452:WARNING:resource_bundle.cc(304)] locale_file_path.empty()
[0207/092452:ERROR:main_delegate.cc(564)] Could not load locale pak for en-US
[0207/092452:ERROR:main_delegate.cc(571)] Could not load cef.pak
[0207/092452:ERROR:main_delegate.cc(588)] Could not load cef_100_percent.pak
[0207/092452:WARNING:resource_bundle.cc(497)] locale resources are not loaded
[0207/092452:WARNING:resource_bundle.cc(304)] locale_file_path.empty()
[0207/092452:ERROR:main_delegate.cc(564)] Could not load locale pak for en-US
[0207/092452:ERROR:main_delegate.cc(571)] Could not load cef.pak
[0207/092452:ERROR:main_delegate.cc(588)] Could not load cef_100_percent.pak
[0207/092454:WARNING:resource_bundle.cc(304)] locale_file_path.empty()
[0207/092454:ERROR:main_delegate.cc(564)] Could not load locale pak for en-US
[0207/092454:ERROR:main_delegate.cc(571)] Could not load cef.pak
[0207/092454:ERROR:main_delegate.cc(588)] Could not load cef_100_percent.pak
[0207/092454:ERROR:renderer_main.cc(207)] Running without renderer sandbox
[0207/102103:WARNING:resource_bundle.cc(304)] locale_file_path.empty()
[0207/102103:ERROR:main_delegate.cc(564)] Could not load locale pak for en-US
[0207/102103:ERROR:main_delegate.cc(571)] Could not load cef.pak
[0207/102103:ERROR:main_delegate.cc(588)] Could not load cef_100_percent.pak
[0207/102103:WARNING:resource_bundle.cc(497)] locale resources are not loaded
[0207/102103:WARNING:resource_bundle.cc(304)] locale_file_path.empty()
[0207/102103:ERROR:main_delegate.cc(564)] Could not load locale pak for en-US
[0207/102103:ERROR:main_delegate.cc(571)] Could not load cef.pak
[0207/102103:ERROR:main_delegate.cc(588)] Could not load cef_100_percent.pak
[0207/102106:WARNING:resource_bundle.cc(304)] locale_file_path.empty()
[0207/102106:ERROR:main_delegate.cc(564)] Could not load locale pak for en-US
[0207/102106:ERROR:main_delegate.cc(571)] Could not load cef.pak
[0207/102106:ERROR:main_delegate.cc(588)] Could not load cef_100_percent.pak
[0207/102106:ERROR:renderer_main.cc(207)] Running without renderer sandbox
[0207/142052:WARNING:resource_bundle.cc(304)] locale_file_path.empty()
[0207/142052:ERROR:main_delegate.cc(564)] Could not load locale pak for en-US
[0207/142052:ERROR:main_delegate.cc(571)] Could not load cef.pak
[0207/142052:ERROR:main_delegate.cc(588)] Could not load cef_100_percent.pak
[0207/142052:WARNING:resource_bundle.cc(497)] locale resources are not loaded
[0207/142052:WARNING:resource_bundle.cc(304)] locale_file_path.empty()
[0207/142052:ERROR:main_delegate.cc(564)] Could not load locale pak for en-US
[0207/142052:ERROR:main_delegate.cc(571)] Could not load cef.pak
[0207/142052:ERROR:main_delegate.cc(588)] Could not load cef_100_percent.pak
[0207/142055:WARNING:resource_bundle.cc(304)] locale_file_path.empty()
[0207/142055:ERROR:main_delegate.cc(564)] Could not load locale pak for en-US
[0207/142055:ERROR:main_delegate.cc(571)] Could not load cef.pak
[0207/142055:ERROR:main_delegate.cc(588)] Could not load cef_100_percent.pak
[0207/142055:ERROR:renderer_main.cc(207)] Running without renderer sandbox
